  main.cpp
C:\Users\10kmm\source\repos\3ef1rus\OpenGL_lab1\OpengGLWorkspace\OpengGLWorkspace\main.cpp(10,8): warning C4101: c: неиспользованная локальная переменная
C:\Users\10kmm\source\repos\3ef1rus\OpenGL_lab1\OpengGLWorkspace\OpengGLWorkspace\main.cpp(34,27): warning C4305: аргумент: усечение из "double" в "GLfloat"
C:\Users\10kmm\source\repos\3ef1rus\OpenGL_lab1\OpengGLWorkspace\OpengGLWorkspace\main.cpp(35,27): warning C4305: аргумент: усечение из "double" в "GLfloat"
C:\Users\10kmm\source\repos\3ef1rus\OpenGL_lab1\OpengGLWorkspace\OpengGLWorkspace\main.cpp(36,27): warning C4305: аргумент: усечение из "double" в "GLfloat"
C:\Users\10kmm\source\repos\3ef1rus\OpenGL_lab1\OpengGLWorkspace\OpengGLWorkspace\main.cpp(37,27): warning C4305: аргумент: усечение из "double" в "GLfloat"
C:\Users\10kmm\source\repos\3ef1rus\OpenGL_lab1\OpengGLWorkspace\OpengGLWorkspace\main.cpp(38,27): warning C4305: аргумент: усечение из "double" в "GLfloat"
C:\Users\10kmm\source\repos\3ef1rus\OpenGL_lab1\OpengGLWorkspace\OpengGLWorkspace\main.cpp(39,27): warning C4305: аргумент: усечение из "double" в "GLfloat"
C:\Users\10kmm\source\repos\3ef1rus\OpenGL_lab1\OpengGLWorkspace\OpengGLWorkspace\main.cpp(44,27): warning C4305: аргумент: усечение из "double" в "GLfloat"
C:\Users\10kmm\source\repos\3ef1rus\OpenGL_lab1\OpengGLWorkspace\OpengGLWorkspace\main.cpp(45,27): warning C4305: аргумент: усечение из "double" в "GLfloat"
C:\Users\10kmm\source\repos\3ef1rus\OpenGL_lab1\OpengGLWorkspace\OpengGLWorkspace\main.cpp(46,27): warning C4305: аргумент: усечение из "double" в "GLfloat"
C:\Users\10kmm\source\repos\3ef1rus\OpenGL_lab1\OpengGLWorkspace\OpengGLWorkspace\main.cpp(47,27): warning C4305: аргумент: усечение из "double" в "GLfloat"
C:\Users\10kmm\source\repos\3ef1rus\OpenGL_lab1\OpengGLWorkspace\OpengGLWorkspace\main.cpp(53,27): warning C4305: аргумент: усечение из "double" в "GLfloat"
C:\Users\10kmm\source\repos\3ef1rus\OpenGL_lab1\OpengGLWorkspace\OpengGLWorkspace\main.cpp(54,27): warning C4305: аргумент: усечение из "double" в "GLfloat"
C:\Users\10kmm\source\repos\3ef1rus\OpenGL_lab1\OpengGLWorkspace\OpengGLWorkspace\main.cpp(55,27): warning C4305: аргумент: усечение из "double" в "GLfloat"
C:\Users\10kmm\source\repos\3ef1rus\OpenGL_lab1\OpengGLWorkspace\OpengGLWorkspace\main.cpp(56,27): warning C4305: аргумент: усечение из "double" в "GLfloat"
C:\Users\10kmm\source\repos\3ef1rus\OpenGL_lab1\OpengGLWorkspace\OpengGLWorkspace\main.cpp(63,27): warning C4305: аргумент: усечение из "double" в "GLfloat"
C:\Users\10kmm\source\repos\3ef1rus\OpenGL_lab1\OpengGLWorkspace\OpengGLWorkspace\main.cpp(64,27): warning C4305: аргумент: усечение из "double" в "GLfloat"
C:\Users\10kmm\source\repos\3ef1rus\OpenGL_lab1\OpengGLWorkspace\OpengGLWorkspace\main.cpp(65,27): warning C4305: аргумент: усечение из "double" в "GLfloat"
C:\Users\10kmm\source\repos\3ef1rus\OpenGL_lab1\OpengGLWorkspace\OpengGLWorkspace\main.cpp(66,27): warning C4305: аргумент: усечение из "double" в "GLfloat"
C:\Users\10kmm\source\repos\3ef1rus\OpenGL_lab1\OpengGLWorkspace\OpengGLWorkspace\main.cpp(72,27): warning C4305: аргумент: усечение из "double" в "GLfloat"
C:\Users\10kmm\source\repos\3ef1rus\OpenGL_lab1\OpengGLWorkspace\OpengGLWorkspace\main.cpp(73,27): warning C4305: аргумент: усечение из "double" в "GLfloat"
C:\Users\10kmm\source\repos\3ef1rus\OpenGL_lab1\OpengGLWorkspace\OpengGLWorkspace\main.cpp(74,27): warning C4305: аргумент: усечение из "double" в "GLfloat"
C:\Users\10kmm\source\repos\3ef1rus\OpenGL_lab1\OpengGLWorkspace\OpengGLWorkspace\main.cpp(75,27): warning C4305: аргумент: усечение из "double" в "GLfloat"
C:\Users\10kmm\source\repos\3ef1rus\OpenGL_lab1\OpengGLWorkspace\OpengGLWorkspace\main.cpp(82,27): warning C4305: аргумент: усечение из "double" в "GLfloat"
C:\Users\10kmm\source\repos\3ef1rus\OpenGL_lab1\OpengGLWorkspace\OpengGLWorkspace\main.cpp(83,27): warning C4305: аргумент: усечение из "double" в "GLfloat"
C:\Users\10kmm\source\repos\3ef1rus\OpenGL_lab1\OpengGLWorkspace\OpengGLWorkspace\main.cpp(84,27): warning C4305: аргумент: усечение из "double" в "GLfloat"
C:\Users\10kmm\source\repos\3ef1rus\OpenGL_lab1\OpengGLWorkspace\OpengGLWorkspace\main.cpp(85,27): warning C4305: аргумент: усечение из "double" в "GLfloat"
C:\Users\10kmm\source\repos\3ef1rus\OpenGL_lab1\OpengGLWorkspace\OpengGLWorkspace\main.cpp(91,27): warning C4305: аргумент: усечение из "double" в "GLfloat"
C:\Users\10kmm\source\repos\3ef1rus\OpenGL_lab1\OpengGLWorkspace\OpengGLWorkspace\main.cpp(92,27): warning C4305: аргумент: усечение из "double" в "GLfloat"
C:\Users\10kmm\source\repos\3ef1rus\OpenGL_lab1\OpengGLWorkspace\OpengGLWorkspace\main.cpp(93,27): warning C4305: аргумент: усечение из "double" в "GLfloat"
C:\Users\10kmm\source\repos\3ef1rus\OpenGL_lab1\OpengGLWorkspace\OpengGLWorkspace\main.cpp(94,27): warning C4305: аргумент: усечение из "double" в "GLfloat"
C:\Users\10kmm\source\repos\3ef1rus\OpenGL_lab1\OpengGLWorkspace\OpengGLWorkspace\main.cpp(112,33): warning C4305: аргумент: усечение из "double" в "GLclampf"
  OpengGLWorkspace.vcxproj -> C:\Users\10kmm\Source\Repos\3ef1rus\OpenGL_lab1\OpengGLWorkspace\x64\Debug\OpengGLWorkspace.exe
